Terminais não utilizados na gramática

   TOKEN_ERROR
   SYMBOL_LIT_INTEGER
   SYMBOL_LIT_FLOATING
   SYMBOL_LIT_TRUE
   SYMBOL_LIT_FALSE
   SYMBOL_LIT_CHAR
   SYMBOL_LIT_STRING
   SYMBOL_IDENTIFIER
   '|'
   '!'
   '\\'


Gramática

    0 $accept: program SYMBOL_LIT_UNDEFINED

    1 program: globalseq

    2 globalseq: /* vazio */
    3          | globalseq dec

    4 dec: vardec
    5    | vetordec
    6    | fundec

    7 localdecseq: /* vazio */
    8            | localdecseq vardec

    9 comando: varassign
   10        | vetorassign
   11        | controlefluxo
   12        | input
   13        | output
   14        | return
   15        | blococomandos

   16 comandosseq: /* vazio */
   17            | ';'
   18            | comandosseq comando ';'

   19 blococomandos: '{' comandosseq '}'

   20 literal: LIT_INTEGER
   21        | LIT_FALSE
   22        | LIT_TRUE
   23        | LIT_CHAR
   24        | LIT_STRING

   25 litseq: /* vazio */
   26       | litseq literal

   27 tipos: KW_WORD
   28      | KW_BOOL
   29      | KW_BYTE

   30 controlefluxo: condif
   31              | loop

   32 vardec: tipos TK_IDENTIFIER ':' literal ';'
   33       | tipos '$' TK_IDENTIFIER ':' literal ';'

   34 vetordec: tipos TK_IDENTIFIER '[' LIT_INTEGER ']' ';'
   35         | tipos TK_IDENTIFIER '[' LIT_INTEGER ']' ':' litseq ';'

   36 varassign: TK_IDENTIFIER '=' expressao
   37          | '&' TK_IDENTIFIER '=' expressao
   38          | '*' TK_IDENTIFIER '=' expressao

   39 vetorassign: TK_IDENTIFIER '[' expressao ']' '=' expressao

   40 param: tipos TK_IDENTIFIER
   41      | tipos '$' TK_IDENTIFIER

   42 paramseq: /* vazio */
   43         | param
   44         | paramseq ',' param

   45 fundec: tipos TK_IDENTIFIER '(' paramseq ')' localdecseq blococomandos

   46 input: KW_INPUT TK_IDENTIFIER

   47 outputseq: expressao
   48          | outputseq ',' expressao

   49 output: KW_OUTPUT outputseq

   50 return: KW_RETURN expressao

   51 argseq: /* vazio */
   52       | expressao
   53       | argseq ',' expressao

   54 expressao: literal
   55          | TK_IDENTIFIER
   56          | TK_IDENTIFIER '[' expressao ']'
   57          | TK_IDENTIFIER '(' argseq ')'
   58          | '&' TK_IDENTIFIER
   59          | '*' TK_IDENTIFIER
   60          | '(' expressao ')'
   61          | expressao '-' expressao
   62          | '-' expressao
   63          | expressao '+' expressao
   64          | expressao '*' expressao
   65          | expressao OPERATOR_LE expressao
   66          | expressao OPERATOR_GE expressao
   67          | expressao OPERATOR_EQ expressao
   68          | expressao OPERATOR_NE expressao
   69          | expressao OPERATOR_AND expressao
   70          | expressao OPERATOR_OR expressao
   71          | expressao '/' expressao
   72          | expressao '<' expressao
   73          | expressao '>' expressao

   74 condif: KW_IF '(' expressao ')' KW_THEN comando
   75       | KW_IF '(' expressao ')' KW_THEN comando KW_ELSE comando

   76 loop: KW_LOOP '(' expressao ')' comando


Terminais, com as regras onde eles aparecem

SYMBOL_LIT_UNDEFINED (0) 0
SYMBOL_LIT_INTEGER (1)
SYMBOL_LIT_FLOATING (2)
SYMBOL_LIT_TRUE (3)
SYMBOL_LIT_FALSE (4)
SYMBOL_LIT_CHAR (5)
SYMBOL_LIT_STRING (6)
SYMBOL_IDENTIFIER (7)
'!' (33)
'$' (36) 33 41
'&' (38) 37 58
'(' (40) 45 57 60 74 75 76
')' (41) 45 57 60 74 75 76
'*' (42) 38 59 64
'+' (43) 63
',' (44) 44 48 53
'-' (45) 61 62
'/' (47) 71
':' (58) 32 33 35
';' (59) 17 18 32 33 34 35
'<' (60) 72
'=' (61) 36 37 38 39
'>' (62) 73
'[' (91) 34 35 39 56
'\\' (92)
']' (93) 34 35 39 56
'{' (123) 19
'|' (124)
'}' (125) 19
error (256)
KW_WORD (258) 27
KW_BOOL (259) 28
KW_BYTE (260) 29
KW_IF (261) 74 75
KW_THEN (262) 74 75
KW_ELSE (263) 75
KW_LOOP (264) 76
KW_INPUT (265) 46
KW_RETURN (266) 50
KW_OUTPUT (267) 49
OPERATOR_LE (268) 65
OPERATOR_GE (269) 66
OPERATOR_EQ (270) 67
OPERATOR_NE (271) 68
OPERATOR_AND (272) 69
OPERATOR_OR (273) 70
LIT_INTEGER (274) 20 34 35
LIT_FALSE (275) 21
LIT_TRUE (276) 22
LIT_CHAR (277) 23
LIT_STRING (278) 24
TK_IDENTIFIER (279) 32 33 34 35 36 37 38 39 40 41 45 46 55 56 57 58
    59
TOKEN_ERROR (280)
IFX (281)


Não-terminais com as regras onde eles aparecem

$accept (55)
    à esquerda: 0
program (56)
    à esquerda: 1, à direita: 0
globalseq (57)
    à esquerda: 2 3, à direita: 1 3
dec (58)
    à esquerda: 4 5 6, à direita: 3
localdecseq (59)
    à esquerda: 7 8, à direita: 8 45
comando (60)
    à esquerda: 9 10 11 12 13 14 15, à direita: 18 74 75 76
comandosseq (61)
    à esquerda: 16 17 18, à direita: 18 19
blococomandos (62)
    à esquerda: 19, à direita: 15 45
literal (63)
    à esquerda: 20 21 22 23 24, à direita: 26 32 33 54
litseq (64)
    à esquerda: 25 26, à direita: 26 35
tipos (65)
    à esquerda: 27 28 29, à direita: 32 33 34 35 40 41 45
controlefluxo (66)
    à esquerda: 30 31, à direita: 11
vardec (67)
    à esquerda: 32 33, à direita: 4 8
vetordec (68)
    à esquerda: 34 35, à direita: 5
varassign (69)
    à esquerda: 36 37 38, à direita: 9
vetorassign (70)
    à esquerda: 39, à direita: 10
param (71)
    à esquerda: 40 41, à direita: 43 44
paramseq (72)
    à esquerda: 42 43 44, à direita: 44 45
fundec (73)
    à esquerda: 45, à direita: 6
input (74)
    à esquerda: 46, à direita: 12
outputseq (75)
    à esquerda: 47 48, à direita: 48 49
output (76)
    à esquerda: 49, à direita: 13
return (77)
    à esquerda: 50, à direita: 14
argseq (78)
    à esquerda: 51 52 53, à direita: 53 57
expressao (79)
    à esquerda: 54 55 56 57 58 59 60 61 62 63 64 65 66 67 68 69 70
    71 72 73, à direita: 36 37 38 39 47 48 50 52 53 56 60 61 62 63
    64 65 66 67 68 69 70 71 72 73 74 75 76
condif (80)
    à esquerda: 74 75, à direita: 30
loop (81)
    à esquerda: 76, à direita: 31


estado 0

    0 $accept: . program SYMBOL_LIT_UNDEFINED

    $padrão  reduzir usando a regra 2 (globalseq)

    program    ir ao estado 1
    globalseq  ir ao estado 2


estado 1

    0 $accept: program . SYMBOL_LIT_UNDEFINED

    SYMBOL_LIT_UNDEFINED  deslocar, e ir ao estado 3


estado 2

    1 program: globalseq .
    3 globalseq: globalseq . dec

    KW_WORD  deslocar, e ir ao estado 4
    KW_BOOL  deslocar, e ir ao estado 5
    KW_BYTE  deslocar, e ir ao estado 6

    $padrão  reduzir usando a regra 1 (program)

    dec       ir ao estado 7
    tipos     ir ao estado 8
    vardec    ir ao estado 9
    vetordec  ir ao estado 10
    fundec    ir ao estado 11


estado 3

    0 $accept: program SYMBOL_LIT_UNDEFINED .

    $padrão  aceitar


estado 4

   27 tipos: KW_WORD .

    $padrão  reduzir usando a regra 27 (tipos)


estado 5

   28 tipos: KW_BOOL .

    $padrão  reduzir usando a regra 28 (tipos)


estado 6

   29 tipos: KW_BYTE .

    $padrão  reduzir usando a regra 29 (tipos)


estado 7

    3 globalseq: globalseq dec .

    $padrão  reduzir usando a regra 3 (globalseq)


estado 8

   32 vardec: tipos . TK_IDENTIFIER ':' literal ';'
   33       | tipos . '$' TK_IDENTIFIER ':' literal ';'
   34 vetordec: tipos . TK_IDENTIFIER '[' LIT_INTEGER ']' ';'
   35         | tipos . TK_IDENTIFIER '[' LIT_INTEGER ']' ':' litseq ';'
   45 fundec: tipos . TK_IDENTIFIER '(' paramseq ')' localdecseq blococomandos

    TK_IDENTIFIER  deslocar, e ir ao estado 12
    '$'            deslocar, e ir ao estado 13


estado 9

    4 dec: vardec .

    $padrão  reduzir usando a regra 4 (dec)


estado 10

    5 dec: vetordec .

    $padrão  reduzir usando a regra 5 (dec)


estado 11

    6 dec: fundec .

    $padrão  reduzir usando a regra 6 (dec)


estado 12

   32 vardec: tipos TK_IDENTIFIER . ':' literal ';'
   34 vetordec: tipos TK_IDENTIFIER . '[' LIT_INTEGER ']' ';'
   35         | tipos TK_IDENTIFIER . '[' LIT_INTEGER ']' ':' litseq ';'
   45 fundec: tipos TK_IDENTIFIER . '(' paramseq ')' localdecseq blococomandos

    ':'  deslocar, e ir ao estado 14
    '['  deslocar, e ir ao estado 15
    '('  deslocar, e ir ao estado 16


estado 13

   33 vardec: tipos '$' . TK_IDENTIFIER ':' literal ';'

    TK_IDENTIFIER  deslocar, e ir ao estado 17


estado 14

   32 vardec: tipos TK_IDENTIFIER ':' . literal ';'

    LIT_INTEGER  deslocar, e ir ao estado 18
    LIT_FALSE    deslocar, e ir ao estado 19
    LIT_TRUE     deslocar, e ir ao estado 20
    LIT_CHAR     deslocar, e ir ao estado 21
    LIT_STRING   deslocar, e ir ao estado 22

    literal  ir ao estado 23


estado 15

   34 vetordec: tipos TK_IDENTIFIER '[' . LIT_INTEGER ']' ';'
   35         | tipos TK_IDENTIFIER '[' . LIT_INTEGER ']' ':' litseq ';'

    LIT_INTEGER  deslocar, e ir ao estado 24


estado 16

   45 fundec: tipos TK_IDENTIFIER '(' . paramseq ')' localdecseq blococomandos

    KW_WORD  deslocar, e ir ao estado 4
    KW_BOOL  deslocar, e ir ao estado 5
    KW_BYTE  deslocar, e ir ao estado 6

    $padrão  reduzir usando a regra 42 (paramseq)

    tipos     ir ao estado 25
    param     ir ao estado 26
    paramseq  ir ao estado 27


estado 17

   33 vardec: tipos '$' TK_IDENTIFIER . ':' literal ';'

    ':'  deslocar, e ir ao estado 28


estado 18

   20 literal: LIT_INTEGER .

    $padrão  reduzir usando a regra 20 (literal)


estado 19

   21 literal: LIT_FALSE .

    $padrão  reduzir usando a regra 21 (literal)


estado 20

   22 literal: LIT_TRUE .

    $padrão  reduzir usando a regra 22 (literal)


estado 21

   23 literal: LIT_CHAR .

    $padrão  reduzir usando a regra 23 (literal)


estado 22

   24 literal: LIT_STRING .

    $padrão  reduzir usando a regra 24 (literal)


estado 23

   32 vardec: tipos TK_IDENTIFIER ':' literal . ';'

    ';'  deslocar, e ir ao estado 29


estado 24

   34 vetordec: tipos TK_IDENTIFIER '[' LIT_INTEGER . ']' ';'
   35         | tipos TK_IDENTIFIER '[' LIT_INTEGER . ']' ':' litseq ';'

    ']'  deslocar, e ir ao estado 30


estado 25

   40 param: tipos . TK_IDENTIFIER
   41      | tipos . '$' TK_IDENTIFIER

    TK_IDENTIFIER  deslocar, e ir ao estado 31
    '$'            deslocar, e ir ao estado 32


estado 26

   43 paramseq: param .

    $padrão  reduzir usando a regra 43 (paramseq)


estado 27

   44 paramseq: paramseq . ',' param
   45 fundec: tipos TK_IDENTIFIER '(' paramseq . ')' localdecseq blococomandos

    ','  deslocar, e ir ao estado 33
    ')'  deslocar, e ir ao estado 34


estado 28

   33 vardec: tipos '$' TK_IDENTIFIER ':' . literal ';'

    LIT_INTEGER  deslocar, e ir ao estado 18
    LIT_FALSE    deslocar, e ir ao estado 19
    LIT_TRUE     deslocar, e ir ao estado 20
    LIT_CHAR     deslocar, e ir ao estado 21
    LIT_STRING   deslocar, e ir ao estado 22

    literal  ir ao estado 35


estado 29

   32 vardec: tipos TK_IDENTIFIER ':' literal ';' .

    $padrão  reduzir usando a regra 32 (vardec)


estado 30

   34 vetordec: tipos TK_IDENTIFIER '[' LIT_INTEGER ']' . ';'
   35         | tipos TK_IDENTIFIER '[' LIT_INTEGER ']' . ':' litseq ';'

    ';'  deslocar, e ir ao estado 36
    ':'  deslocar, e ir ao estado 37


estado 31

   40 param: tipos TK_IDENTIFIER .

    $padrão  reduzir usando a regra 40 (param)


estado 32

   41 param: tipos '$' . TK_IDENTIFIER

    TK_IDENTIFIER  deslocar, e ir ao estado 38


estado 33

   44 paramseq: paramseq ',' . param

    KW_WORD  deslocar, e ir ao estado 4
    KW_BOOL  deslocar, e ir ao estado 5
    KW_BYTE  deslocar, e ir ao estado 6

    tipos  ir ao estado 25
    param  ir ao estado 39


estado 34

   45 fundec: tipos TK_IDENTIFIER '(' paramseq ')' . localdecseq blococomandos

    $padrão  reduzir usando a regra 7 (localdecseq)

    localdecseq  ir ao estado 40


estado 35

   33 vardec: tipos '$' TK_IDENTIFIER ':' literal . ';'

    ';'  deslocar, e ir ao estado 41


estado 36

   34 vetordec: tipos TK_IDENTIFIER '[' LIT_INTEGER ']' ';' .

    $padrão  reduzir usando a regra 34 (vetordec)


estado 37

   35 vetordec: tipos TK_IDENTIFIER '[' LIT_INTEGER ']' ':' . litseq ';'

    $padrão  reduzir usando a regra 25 (litseq)

    litseq  ir ao estado 42


estado 38

   41 param: tipos '$' TK_IDENTIFIER .

    $padrão  reduzir usando a regra 41 (param)


estado 39

   44 paramseq: paramseq ',' param .

    $padrão  reduzir usando a regra 44 (paramseq)


estado 40

    8 localdecseq: localdecseq . vardec
   45 fundec: tipos TK_IDENTIFIER '(' paramseq ')' localdecseq . blococomandos

    KW_WORD  deslocar, e ir ao estado 4
    KW_BOOL  deslocar, e ir ao estado 5
    KW_BYTE  deslocar, e ir ao estado 6
    '{'      deslocar, e ir ao estado 43

    blococomandos  ir ao estado 44
    tipos          ir ao estado 45
    vardec         ir ao estado 46


estado 41

   33 vardec: tipos '$' TK_IDENTIFIER ':' literal ';' .

    $padrão  reduzir usando a regra 33 (vardec)


estado 42

   26 litseq: litseq . literal
   35 vetordec: tipos TK_IDENTIFIER '[' LIT_INTEGER ']' ':' litseq . ';'

    LIT_INTEGER  deslocar, e ir ao estado 18
    LIT_FALSE    deslocar, e ir ao estado 19
    LIT_TRUE     deslocar, e ir ao estado 20
    LIT_CHAR     deslocar, e ir ao estado 21
    LIT_STRING   deslocar, e ir ao estado 22
    ';'          deslocar, e ir ao estado 47

    literal  ir ao estado 48


estado 43

   19 blococomandos: '{' . comandosseq '}'

    ';'  deslocar, e ir ao estado 49

    $padrão  reduzir usando a regra 16 (comandosseq)

    comandosseq  ir ao estado 50


estado 44

   45 fundec: tipos TK_IDENTIFIER '(' paramseq ')' localdecseq blococomandos .

    $padrão  reduzir usando a regra 45 (fundec)


estado 45

   32 vardec: tipos . TK_IDENTIFIER ':' literal ';'
   33       | tipos . '$' TK_IDENTIFIER ':' literal ';'

    TK_IDENTIFIER  deslocar, e ir ao estado 51
    '$'            deslocar, e ir ao estado 13


estado 46

    8 localdecseq: localdecseq vardec .

    $padrão  reduzir usando a regra 8 (localdecseq)


estado 47

   35 vetordec: tipos TK_IDENTIFIER '[' LIT_INTEGER ']' ':' litseq ';' .

    $padrão  reduzir usando a regra 35 (vetordec)


estado 48

   26 litseq: litseq literal .

    $padrão  reduzir usando a regra 26 (litseq)


estado 49

   17 comandosseq: ';' .

    $padrão  reduzir usando a regra 17 (comandosseq)


estado 50

   18 comandosseq: comandosseq . comando ';'
   19 blococomandos: '{' comandosseq . '}'

    KW_IF          deslocar, e ir ao estado 52
    KW_LOOP        deslocar, e ir ao estado 53
    KW_INPUT       deslocar, e ir ao estado 54
    KW_RETURN      deslocar, e ir ao estado 55
    KW_OUTPUT      deslocar, e ir ao estado 56
    TK_IDENTIFIER  deslocar, e ir ao estado 57
    '&'            deslocar, e ir ao estado 58
    '*'            deslocar, e ir ao estado 59
    '{'            deslocar, e ir ao estado 43
    '}'            deslocar, e ir ao estado 60

    comando        ir ao estado 61
    blococomandos  ir ao estado 62
    controlefluxo  ir ao estado 63
    varassign      ir ao estado 64
    vetorassign    ir ao estado 65
    input          ir ao estado 66
    output         ir ao estado 67
    return         ir ao estado 68
    condif         ir ao estado 69
    loop           ir ao estado 70


estado 51

   32 vardec: tipos TK_IDENTIFIER . ':' literal ';'

    ':'  deslocar, e ir ao estado 14


estado 52

   74 condif: KW_IF . '(' expressao ')' KW_THEN comando
   75       | KW_IF . '(' expressao ')' KW_THEN comando KW_ELSE comando

    '('  deslocar, e ir ao estado 71


estado 53

   76 loop: KW_LOOP . '(' expressao ')' comando

    '('  deslocar, e ir ao estado 72


estado 54

   46 input: KW_INPUT . TK_IDENTIFIER

    TK_IDENTIFIER  deslocar, e ir ao estado 73


estado 55

   50 return: KW_RETURN . expressao

    LIT_INTEGER    deslocar, e ir ao estado 18
    LIT_FALSE      deslocar, e ir ao estado 19
    LIT_TRUE       deslocar, e ir ao estado 20
    LIT_CHAR       deslocar, e ir ao estado 21
    LIT_STRING     deslocar, e ir ao estado 22
    TK_IDENTIFIER  deslocar, e ir ao estado 74
    '&'            deslocar, e ir ao estado 75
    '-'            deslocar, e ir ao estado 76
    '*'            deslocar, e ir ao estado 77
    '('            deslocar, e ir ao estado 78

    literal    ir ao estado 79
    expressao  ir ao estado 80


estado 56

   49 output: KW_OUTPUT . outputseq

    LIT_INTEGER    deslocar, e ir ao estado 18
    LIT_FALSE      deslocar, e ir ao estado 19
    LIT_TRUE       deslocar, e ir ao estado 20
    LIT_CHAR       deslocar, e ir ao estado 21
    LIT_STRING     deslocar, e ir ao estado 22
    TK_IDENTIFIER  deslocar, e ir ao estado 74
    '&'            deslocar, e ir ao estado 75
    '-'            deslocar, e ir ao estado 76
    '*'            deslocar, e ir ao estado 77
    '('            deslocar, e ir ao estado 78

    literal    ir ao estado 79
    outputseq  ir ao estado 81
    expressao  ir ao estado 82


estado 57

   36 varassign: TK_IDENTIFIER . '=' expressao
   39 vetorassign: TK_IDENTIFIER . '[' expressao ']' '=' expressao

    '['  deslocar, e ir ao estado 83
    '='  deslocar, e ir ao estado 84


estado 58

   37 varassign: '&' . TK_IDENTIFIER '=' expressao

    TK_IDENTIFIER  deslocar, e ir ao estado 85


estado 59

   38 varassign: '*' . TK_IDENTIFIER '=' expressao

    TK_IDENTIFIER  deslocar, e ir ao estado 86


estado 60

   19 blococomandos: '{' comandosseq '}' .

    $padrão  reduzir usando a regra 19 (blococomandos)


estado 61

   18 comandosseq: comandosseq comando . ';'

    ';'  deslocar, e ir ao estado 87


estado 62

   15 comando: blococomandos .

    $padrão  reduzir usando a regra 15 (comando)


estado 63

   11 comando: controlefluxo .

    $padrão  reduzir usando a regra 11 (comando)


estado 64

    9 comando: varassign .

    $padrão  reduzir usando a regra 9 (comando)


estado 65

   10 comando: vetorassign .

    $padrão  reduzir usando a regra 10 (comando)


estado 66

   12 comando: input .

    $padrão  reduzir usando a regra 12 (comando)


estado 67

   13 comando: output .

    $padrão  reduzir usando a regra 13 (comando)


estado 68

   14 comando: return .

    $padrão  reduzir usando a regra 14 (comando)


estado 69

   30 controlefluxo: condif .

    $padrão  reduzir usando a regra 30 (controlefluxo)


estado 70

   31 controlefluxo: loop .

    $padrão  reduzir usando a regra 31 (controlefluxo)


estado 71

   74 condif: KW_IF '(' . expressao ')' KW_THEN comando
   75       | KW_IF '(' . expressao ')' KW_THEN comando KW_ELSE comando

    LIT_INTEGER    deslocar, e ir ao estado 18
    LIT_FALSE      deslocar, e ir ao estado 19
    LIT_TRUE       deslocar, e ir ao estado 20
    LIT_CHAR       deslocar, e ir ao estado 21
    LIT_STRING     deslocar, e ir ao estado 22
    TK_IDENTIFIER  deslocar, e ir ao estado 74
    '&'            deslocar, e ir ao estado 75
    '-'            deslocar, e ir ao estado 76
    '*'            deslocar, e ir ao estado 77
    '('            deslocar, e ir ao estado 78

    literal    ir ao estado 79
    expressao  ir ao estado 88


estado 72

   76 loop: KW_LOOP '(' . expressao ')' comando

    LIT_INTEGER    deslocar, e ir ao estado 18
    LIT_FALSE      deslocar, e ir ao estado 19
    LIT_TRUE       deslocar, e ir ao estado 20
    LIT_CHAR       deslocar, e ir ao estado 21
    LIT_STRING     deslocar, e ir ao estado 22
    TK_IDENTIFIER  deslocar, e ir ao estado 74
    '&'            deslocar, e ir ao estado 75
    '-'            deslocar, e ir ao estado 76
    '*'            deslocar, e ir ao estado 77
    '('            deslocar, e ir ao estado 78

    literal    ir ao estado 79
    expressao  ir ao estado 89


estado 73

   46 input: KW_INPUT TK_IDENTIFIER .

    $padrão  reduzir usando a regra 46 (input)


estado 74

   55 expressao: TK_IDENTIFIER .
   56          | TK_IDENTIFIER . '[' expressao ']'
   57          | TK_IDENTIFIER . '(' argseq ')'

    '['  deslocar, e ir ao estado 90
    '('  deslocar, e ir ao estado 91

    $padrão  reduzir usando a regra 55 (expressao)


estado 75

   58 expressao: '&' . TK_IDENTIFIER

    TK_IDENTIFIER  deslocar, e ir ao estado 92


estado 76

   62 expressao: '-' . expressao

    LIT_INTEGER    deslocar, e ir ao estado 18
    LIT_FALSE      deslocar, e ir ao estado 19
    LIT_TRUE       deslocar, e ir ao estado 20
    LIT_CHAR       deslocar, e ir ao estado 21
    LIT_STRING     deslocar, e ir ao estado 22
    TK_IDENTIFIER  deslocar, e ir ao estado 74
    '&'            deslocar, e ir ao estado 75
    '-'            deslocar, e ir ao estado 76
    '*'            deslocar, e ir ao estado 77
    '('            deslocar, e ir ao estado 78

    literal    ir ao estado 79
    expressao  ir ao estado 93


estado 77

   59 expressao: '*' . TK_IDENTIFIER

    TK_IDENTIFIER  deslocar, e ir ao estado 94


estado 78

   60 expressao: '(' . expressao ')'

    LIT_INTEGER    deslocar, e ir ao estado 18
    LIT_FALSE      deslocar, e ir ao estado 19
    LIT_TRUE       deslocar, e ir ao estado 20
    LIT_CHAR       deslocar, e ir ao estado 21
    LIT_STRING     deslocar, e ir ao estado 22
    TK_IDENTIFIER  deslocar, e ir ao estado 74
    '&'            deslocar, e ir ao estado 75
    '-'            deslocar, e ir ao estado 76
    '*'            deslocar, e ir ao estado 77
    '('            deslocar, e ir ao estado 78

    literal    ir ao estado 79
    expressao  ir ao estado 95


estado 79

   54 expressao: literal .

    $padrão  reduzir usando a regra 54 (expressao)


estado 80

   50 return: KW_RETURN expressao .
   61 expressao: expressao . '-' expressao
   63          | expressao . '+' expressao
   64          | expressao . '*' expressao
   65          | expressao . OPERATOR_LE expressao
   66          | expressao . OPERATOR_GE expressao
   67          | expressao . OPERATOR_EQ expressao
   68          | expressao . OPERATOR_NE expressao
   69          | expressao . OPERATOR_AND expressao
   70          | expressao . OPERATOR_OR expressao
   71          | expressao . '/' expressao
   72          | expressao . '<' expressao
   73          | expressao . '>' expressao

    OPERATOR_LE   deslocar, e ir ao estado 96
    OPERATOR_GE   deslocar, e ir ao estado 97
    OPERATOR_EQ   deslocar, e ir ao estado 98
    OPERATOR_NE   deslocar, e ir ao estado 99
    OPERATOR_AND  deslocar, e ir ao estado 100
    OPERATOR_OR   deslocar, e ir ao estado 101
    '<'           deslocar, e ir ao estado 102
    '>'           deslocar, e ir ao estado 103
    '+'           deslocar, e ir ao estado 104
    '-'           deslocar, e ir ao estado 105
    '*'           deslocar, e ir ao estado 106
    '/'           deslocar, e ir ao estado 107

    $padrão  reduzir usando a regra 50 (return)


estado 81

   48 outputseq: outputseq . ',' expressao
   49 output: KW_OUTPUT outputseq .

    ','  deslocar, e ir ao estado 108

    $padrão  reduzir usando a regra 49 (output)


estado 82

   47 outputseq: expressao .
   61 expressao: expressao . '-' expressao
   63          | expressao . '+' expressao
   64          | expressao . '*' expressao
   65          | expressao . OPERATOR_LE expressao
   66          | expressao . OPERATOR_GE expressao
   67          | expressao . OPERATOR_EQ expressao
   68          | expressao . OPERATOR_NE expressao
   69          | expressao . OPERATOR_AND expressao
   70          | expressao . OPERATOR_OR expressao
   71          | expressao . '/' expressao
   72          | expressao . '<' expressao
   73          | expressao . '>' expressao

    OPERATOR_LE   deslocar, e ir ao estado 96
    OPERATOR_GE   deslocar, e ir ao estado 97
    OPERATOR_EQ   deslocar, e ir ao estado 98
    OPERATOR_NE   deslocar, e ir ao estado 99
    OPERATOR_AND  deslocar, e ir ao estado 100
    OPERATOR_OR   deslocar, e ir ao estado 101
    '<'           deslocar, e ir ao estado 102
    '>'           deslocar, e ir ao estado 103
    '+'           deslocar, e ir ao estado 104
    '-'           deslocar, e ir ao estado 105
    '*'           deslocar, e ir ao estado 106
    '/'           deslocar, e ir ao estado 107

    $padrão  reduzir usando a regra 47 (outputseq)


estado 83

   39 vetorassign: TK_IDENTIFIER '[' . expressao ']' '=' expressao

    LIT_INTEGER    deslocar, e ir ao estado 18
    LIT_FALSE      deslocar, e ir ao estado 19
    LIT_TRUE       deslocar, e ir ao estado 20
    LIT_CHAR       deslocar, e ir ao estado 21
    LIT_STRING     deslocar, e ir ao estado 22
    TK_IDENTIFIER  deslocar, e ir ao estado 74
    '&'            deslocar, e ir ao estado 75
    '-'            deslocar, e ir ao estado 76
    '*'            deslocar, e ir ao estado 77
    '('            deslocar, e ir ao estado 78

    literal    ir ao estado 79
    expressao  ir ao estado 109


estado 84

   36 varassign: TK_IDENTIFIER '=' . expressao

    LIT_INTEGER    deslocar, e ir ao estado 18
    LIT_FALSE      deslocar, e ir ao estado 19
    LIT_TRUE       deslocar, e ir ao estado 20
    LIT_CHAR       deslocar, e ir ao estado 21
    LIT_STRING     deslocar, e ir ao estado 22
    TK_IDENTIFIER  deslocar, e ir ao estado 74
    '&'            deslocar, e ir ao estado 75
    '-'            deslocar, e ir ao estado 76
    '*'            deslocar, e ir ao estado 77
    '('            deslocar, e ir ao estado 78

    literal    ir ao estado 79
    expressao  ir ao estado 110


estado 85

   37 varassign: '&' TK_IDENTIFIER . '=' expressao

    '='  deslocar, e ir ao estado 111


estado 86

   38 varassign: '*' TK_IDENTIFIER . '=' expressao

    '='  deslocar, e ir ao estado 112


estado 87

   18 comandosseq: comandosseq comando ';' .

    $padrão  reduzir usando a regra 18 (comandosseq)


estado 88

   61 expressao: expressao . '-' expressao
   63          | expressao . '+' expressao
   64          | expressao . '*' expressao
   65          | expressao . OPERATOR_LE expressao
   66          | expressao . OPERATOR_GE expressao
   67          | expressao . OPERATOR_EQ expressao
   68          | expressao . OPERATOR_NE expressao
   69          | expressao . OPERATOR_AND expressao
   70          | expressao . OPERATOR_OR expressao
   71          | expressao . '/' expressao
   72          | expressao . '<' expressao
   73          | expressao . '>' expressao
   74 condif: KW_IF '(' expressao . ')' KW_THEN comando
   75       | KW_IF '(' expressao . ')' KW_THEN comando KW_ELSE comando

    OPERATOR_LE   deslocar, e ir ao estado 96
    OPERATOR_GE   deslocar, e ir ao estado 97
    OPERATOR_EQ   deslocar, e ir ao estado 98
    OPERATOR_NE   deslocar, e ir ao estado 99
    OPERATOR_AND  deslocar, e ir ao estado 100
    OPERATOR_OR   deslocar, e ir ao estado 101
    '<'           deslocar, e ir ao estado 102
    '>'           deslocar, e ir ao estado 103
    '+'           deslocar, e ir ao estado 104
    '-'           deslocar, e ir ao estado 105
    '*'           deslocar, e ir ao estado 106
    '/'           deslocar, e ir ao estado 107
    ')'           deslocar, e ir ao estado 113


estado 89

   61 expressao: expressao . '-' expressao
   63          | expressao . '+' expressao
   64          | expressao . '*' expressao
   65          | expressao . OPERATOR_LE expressao
   66          | expressao . OPERATOR_GE expressao
   67          | expressao . OPERATOR_EQ expressao
   68          | expressao . OPERATOR_NE expressao
   69          | expressao . OPERATOR_AND expressao
   70          | expressao . OPERATOR_OR expressao
   71          | expressao . '/' expressao
   72          | expressao . '<' expressao
   73          | expressao . '>' expressao
   76 loop: KW_LOOP '(' expressao . ')' comando

    OPERATOR_LE   deslocar, e ir ao estado 96
    OPERATOR_GE   deslocar, e ir ao estado 97
    OPERATOR_EQ   deslocar, e ir ao estado 98
    OPERATOR_NE   deslocar, e ir ao estado 99
    OPERATOR_AND  deslocar, e ir ao estado 100
    OPERATOR_OR   deslocar, e ir ao estado 101
    '<'           deslocar, e ir ao estado 102
    '>'           deslocar, e ir ao estado 103
    '+'           deslocar, e ir ao estado 104
    '-'           deslocar, e ir ao estado 105
    '*'           deslocar, e ir ao estado 106
    '/'           deslocar, e ir ao estado 107
    ')'           deslocar, e ir ao estado 114


estado 90

   56 expressao: TK_IDENTIFIER '[' . expressao ']'

    LIT_INTEGER    deslocar, e ir ao estado 18
    LIT_FALSE      deslocar, e ir ao estado 19
    LIT_TRUE       deslocar, e ir ao estado 20
    LIT_CHAR       deslocar, e ir ao estado 21
    LIT_STRING     deslocar, e ir ao estado 22
    TK_IDENTIFIER  deslocar, e ir ao estado 74
    '&'            deslocar, e ir ao estado 75
    '-'            deslocar, e ir ao estado 76
    '*'            deslocar, e ir ao estado 77
    '('            deslocar, e ir ao estado 78

    literal    ir ao estado 79
    expressao  ir ao estado 115


estado 91

   57 expressao: TK_IDENTIFIER '(' . argseq ')'

    LIT_INTEGER    deslocar, e ir ao estado 18
    LIT_FALSE      deslocar, e ir ao estado 19
    LIT_TRUE       deslocar, e ir ao estado 20
    LIT_CHAR       deslocar, e ir ao estado 21
    LIT_STRING     deslocar, e ir ao estado 22
    TK_IDENTIFIER  deslocar, e ir ao estado 74
    '&'            deslocar, e ir ao estado 75
    '-'            deslocar, e ir ao estado 76
    '*'            deslocar, e ir ao estado 77
    '('            deslocar, e ir ao estado 78

    $padrão  reduzir usando a regra 51 (argseq)

    literal    ir ao estado 79
    argseq     ir ao estado 116
    expressao  ir ao estado 117


estado 92

   58 expressao: '&' TK_IDENTIFIER .

    $padrão  reduzir usando a regra 58 (expressao)


estado 93

   61 expressao: expressao . '-' expressao
   62          | '-' expressao .
   63          | expressao . '+' expressao
   64          | expressao . '*' expressao
   65          | expressao . OPERATOR_LE expressao
   66          | expressao . OPERATOR_GE expressao
   67          | expressao . OPERATOR_EQ expressao
   68          | expressao . OPERATOR_NE expressao
   69          | expressao . OPERATOR_AND expressao
   70          | expressao . OPERATOR_OR expressao
   71          | expressao . '/' expressao
   72          | expressao . '<' expressao
   73          | expressao . '>' expressao

    '*'  deslocar, e ir ao estado 106
    '/'  deslocar, e ir ao estado 107

    $padrão  reduzir usando a regra 62 (expressao)


estado 94

   59 expressao: '*' TK_IDENTIFIER .

    $padrão  reduzir usando a regra 59 (expressao)


estado 95

   60 expressao: '(' expressao . ')'
   61          | expressao . '-' expressao
   63          | expressao . '+' expressao
   64          | expressao . '*' expressao
   65          | expressao . OPERATOR_LE expressao
   66          | expressao . OPERATOR_GE expressao
   67          | expressao . OPERATOR_EQ expressao
   68          | expressao . OPERATOR_NE expressao
   69          | expressao . OPERATOR_AND expressao
   70          | expressao . OPERATOR_OR expressao
   71          | expressao . '/' expressao
   72          | expressao . '<' expressao
   73          | expressao . '>' expressao

    OPERATOR_LE   deslocar, e ir ao estado 96
    OPERATOR_GE   deslocar, e ir ao estado 97
    OPERATOR_EQ   deslocar, e ir ao estado 98
    OPERATOR_NE   deslocar, e ir ao estado 99
    OPERATOR_AND  deslocar, e ir ao estado 100
    OPERATOR_OR   deslocar, e ir ao estado 101
    '<'           deslocar, e ir ao estado 102
    '>'           deslocar, e ir ao estado 103
    '+'           deslocar, e ir ao estado 104
    '-'           deslocar, e ir ao estado 105
    '*'           deslocar, e ir ao estado 106
    '/'           deslocar, e ir ao estado 107
    ')'           deslocar, e ir ao estado 118


estado 96

   65 expressao: expressao OPERATOR_LE . expressao

    LIT_INTEGER    deslocar, e ir ao estado 18
    LIT_FALSE      deslocar, e ir ao estado 19
    LIT_TRUE       deslocar, e ir ao estado 20
    LIT_CHAR       deslocar, e ir ao estado 21
    LIT_STRING     deslocar, e ir ao estado 22
    TK_IDENTIFIER  deslocar, e ir ao estado 74
    '&'            deslocar, e ir ao estado 75
    '-'            deslocar, e ir ao estado 76
    '*'            deslocar, e ir ao estado 77
    '('            deslocar, e ir ao estado 78

    literal    ir ao estado 79
    expressao  ir ao estado 119


estado 97

   66 expressao: expressao OPERATOR_GE . expressao

    LIT_INTEGER    deslocar, e ir ao estado 18
    LIT_FALSE      deslocar, e ir ao estado 19
    LIT_TRUE       deslocar, e ir ao estado 20
    LIT_CHAR       deslocar, e ir ao estado 21
    LIT_STRING     deslocar, e ir ao estado 22
    TK_IDENTIFIER  deslocar, e ir ao estado 74
    '&'            deslocar, e ir ao estado 75
    '-'            deslocar, e ir ao estado 76
    '*'            deslocar, e ir ao estado 77
    '('            deslocar, e ir ao estado 78

    literal    ir ao estado 79
    expressao  ir ao estado 120


estado 98

   67 expressao: expressao OPERATOR_EQ . expressao

    LIT_INTEGER    deslocar, e ir ao estado 18
    LIT_FALSE      deslocar, e ir ao estado 19
    LIT_TRUE       deslocar, e ir ao estado 20
    LIT_CHAR       deslocar, e ir ao estado 21
    LIT_STRING     deslocar, e ir ao estado 22
    TK_IDENTIFIER  deslocar, e ir ao estado 74
    '&'            deslocar, e ir ao estado 75
    '-'            deslocar, e ir ao estado 76
    '*'            deslocar, e ir ao estado 77
    '('            deslocar, e ir ao estado 78

    literal    ir ao estado 79
    expressao  ir ao estado 121


estado 99

   68 expressao: expressao OPERATOR_NE . expressao

    LIT_INTEGER    deslocar, e ir ao estado 18
    LIT_FALSE      deslocar, e ir ao estado 19
    LIT_TRUE       deslocar, e ir ao estado 20
    LIT_CHAR       deslocar, e ir ao estado 21
    LIT_STRING     deslocar, e ir ao estado 22
    TK_IDENTIFIER  deslocar, e ir ao estado 74
    '&'            deslocar, e ir ao estado 75
    '-'            deslocar, e ir ao estado 76
    '*'            deslocar, e ir ao estado 77
    '('            deslocar, e ir ao estado 78

    literal    ir ao estado 79
    expressao  ir ao estado 122


estado 100

   69 expressao: expressao OPERATOR_AND . expressao

    LIT_INTEGER    deslocar, e ir ao estado 18
    LIT_FALSE      deslocar, e ir ao estado 19
    LIT_TRUE       deslocar, e ir ao estado 20
    LIT_CHAR       deslocar, e ir ao estado 21
    LIT_STRING     deslocar, e ir ao estado 22
    TK_IDENTIFIER  deslocar, e ir ao estado 74
    '&'            deslocar, e ir ao estado 75
    '-'            deslocar, e ir ao estado 76
    '*'            deslocar, e ir ao estado 77
    '('            deslocar, e ir ao estado 78

    literal    ir ao estado 79
    expressao  ir ao estado 123


estado 101

   70 expressao: expressao OPERATOR_OR . expressao

    LIT_INTEGER    deslocar, e ir ao estado 18
    LIT_FALSE      deslocar, e ir ao estado 19
    LIT_TRUE       deslocar, e ir ao estado 20
    LIT_CHAR       deslocar, e ir ao estado 21
    LIT_STRING     deslocar, e ir ao estado 22
    TK_IDENTIFIER  deslocar, e ir ao estado 74
    '&'            deslocar, e ir ao estado 75
    '-'            deslocar, e ir ao estado 76
    '*'            deslocar, e ir ao estado 77
    '('            deslocar, e ir ao estado 78

    literal    ir ao estado 79
    expressao  ir ao estado 124


estado 102

   72 expressao: expressao '<' . expressao

    LIT_INTEGER    deslocar, e ir ao estado 18
    LIT_FALSE      deslocar, e ir ao estado 19
    LIT_TRUE       deslocar, e ir ao estado 20
    LIT_CHAR       deslocar, e ir ao estado 21
    LIT_STRING     deslocar, e ir ao estado 22
    TK_IDENTIFIER  deslocar, e ir ao estado 74
    '&'            deslocar, e ir ao estado 75
    '-'            deslocar, e ir ao estado 76
    '*'            deslocar, e ir ao estado 77
    '('            deslocar, e ir ao estado 78

    literal    ir ao estado 79
    expressao  ir ao estado 125


estado 103

   73 expressao: expressao '>' . expressao

    LIT_INTEGER    deslocar, e ir ao estado 18
    LIT_FALSE      deslocar, e ir ao estado 19
    LIT_TRUE       deslocar, e ir ao estado 20
    LIT_CHAR       deslocar, e ir ao estado 21
    LIT_STRING     deslocar, e ir ao estado 22
    TK_IDENTIFIER  deslocar, e ir ao estado 74
    '&'            deslocar, e ir ao estado 75
    '-'            deslocar, e ir ao estado 76
    '*'            deslocar, e ir ao estado 77
    '('            deslocar, e ir ao estado 78

    literal    ir ao estado 79
    expressao  ir ao estado 126


estado 104

   63 expressao: expressao '+' . expressao

    LIT_INTEGER    deslocar, e ir ao estado 18
    LIT_FALSE      deslocar, e ir ao estado 19
    LIT_TRUE       deslocar, e ir ao estado 20
    LIT_CHAR       deslocar, e ir ao estado 21
    LIT_STRING     deslocar, e ir ao estado 22
    TK_IDENTIFIER  deslocar, e ir ao estado 74
    '&'            deslocar, e ir ao estado 75
    '-'            deslocar, e ir ao estado 76
    '*'            deslocar, e ir ao estado 77
    '('            deslocar, e ir ao estado 78

    literal    ir ao estado 79
    expressao  ir ao estado 127


estado 105

   61 expressao: expressao '-' . expressao

    LIT_INTEGER    deslocar, e ir ao estado 18
    LIT_FALSE      deslocar, e ir ao estado 19
    LIT_TRUE       deslocar, e ir ao estado 20
    LIT_CHAR       deslocar, e ir ao estado 21
    LIT_STRING     deslocar, e ir ao estado 22
    TK_IDENTIFIER  deslocar, e ir ao estado 74
    '&'            deslocar, e ir ao estado 75
    '-'            deslocar, e ir ao estado 76
    '*'            deslocar, e ir ao estado 77
    '('            deslocar, e ir ao estado 78

    literal    ir ao estado 79
    expressao  ir ao estado 128


estado 106

   64 expressao: expressao '*' . expressao

    LIT_INTEGER    deslocar, e ir ao estado 18
    LIT_FALSE      deslocar, e ir ao estado 19
    LIT_TRUE       deslocar, e ir ao estado 20
    LIT_CHAR       deslocar, e ir ao estado 21
    LIT_STRING     deslocar, e ir ao estado 22
    TK_IDENTIFIER  deslocar, e ir ao estado 74
    '&'            deslocar, e ir ao estado 75
    '-'            deslocar, e ir ao estado 76
    '*'            deslocar, e ir ao estado 77
    '('            deslocar, e ir ao estado 78

    literal    ir ao estado 79
    expressao  ir ao estado 129


estado 107

   71 expressao: expressao '/' . expressao

    LIT_INTEGER    deslocar, e ir ao estado 18
    LIT_FALSE      deslocar, e ir ao estado 19
    LIT_TRUE       deslocar, e ir ao estado 20
    LIT_CHAR       deslocar, e ir ao estado 21
    LIT_STRING     deslocar, e ir ao estado 22
    TK_IDENTIFIER  deslocar, e ir ao estado 74
    '&'            deslocar, e ir ao estado 75
    '-'            deslocar, e ir ao estado 76
    '*'            deslocar, e ir ao estado 77
    '('            deslocar, e ir ao estado 78

    literal    ir ao estado 79
    expressao  ir ao estado 130


estado 108

   48 outputseq: outputseq ',' . expressao

    LIT_INTEGER    deslocar, e ir ao estado 18
    LIT_FALSE      deslocar, e ir ao estado 19
    LIT_TRUE       deslocar, e ir ao estado 20
    LIT_CHAR       deslocar, e ir ao estado 21
    LIT_STRING     deslocar, e ir ao estado 22
    TK_IDENTIFIER  deslocar, e ir ao estado 74
    '&'            deslocar, e ir ao estado 75
    '-'            deslocar, e ir ao estado 76
    '*'            deslocar, e ir ao estado 77
    '('            deslocar, e ir ao estado 78

    literal    ir ao estado 79
    expressao  ir ao estado 131


estado 109

   39 vetorassign: TK_IDENTIFIER '[' expressao . ']' '=' expressao
   61 expressao: expressao . '-' expressao
   63          | expressao . '+' expressao
   64          | expressao . '*' expressao
   65          | expressao . OPERATOR_LE expressao
   66          | expressao . OPERATOR_GE expressao
   67          | expressao . OPERATOR_EQ expressao
   68          | expressao . OPERATOR_NE expressao
   69          | expressao . OPERATOR_AND expressao
   70          | expressao . OPERATOR_OR expressao
   71          | expressao . '/' expressao
   72          | expressao . '<' expressao
   73          | expressao . '>' expressao

    OPERATOR_LE   deslocar, e ir ao estado 96
    OPERATOR_GE   deslocar, e ir ao estado 97
    OPERATOR_EQ   deslocar, e ir ao estado 98
    OPERATOR_NE   deslocar, e ir ao estado 99
    OPERATOR_AND  deslocar, e ir ao estado 100
    OPERATOR_OR   deslocar, e ir ao estado 101
    '<'           deslocar, e ir ao estado 102
    '>'           deslocar, e ir ao estado 103
    '+'           deslocar, e ir ao estado 104
    '-'           deslocar, e ir ao estado 105
    '*'           deslocar, e ir ao estado 106
    '/'           deslocar, e ir ao estado 107
    ']'           deslocar, e ir ao estado 132


estado 110

   36 varassign: TK_IDENTIFIER '=' expressao .
   61 expressao: expressao . '-' expressao
   63          | expressao . '+' expressao
   64          | expressao . '*' expressao
   65          | expressao . OPERATOR_LE expressao
   66          | expressao . OPERATOR_GE expressao
   67          | expressao . OPERATOR_EQ expressao
   68          | expressao . OPERATOR_NE expressao
   69          | expressao . OPERATOR_AND expressao
   70          | expressao . OPERATOR_OR expressao
   71          | expressao . '/' expressao
   72          | expressao . '<' expressao
   73          | expressao . '>' expressao

    OPERATOR_LE   deslocar, e ir ao estado 96
    OPERATOR_GE   deslocar, e ir ao estado 97
    OPERATOR_EQ   deslocar, e ir ao estado 98
    OPERATOR_NE   deslocar, e ir ao estado 99
    OPERATOR_AND  deslocar, e ir ao estado 100
    OPERATOR_OR   deslocar, e ir ao estado 101
    '<'           deslocar, e ir ao estado 102
    '>'           deslocar, e ir ao estado 103
    '+'           deslocar, e ir ao estado 104
    '-'           deslocar, e ir ao estado 105
    '*'           deslocar, e ir ao estado 106
    '/'           deslocar, e ir ao estado 107

    $padrão  reduzir usando a regra 36 (varassign)


estado 111

   37 varassign: '&' TK_IDENTIFIER '=' . expressao

    LIT_INTEGER    deslocar, e ir ao estado 18
    LIT_FALSE      deslocar, e ir ao estado 19
    LIT_TRUE       deslocar, e ir ao estado 20
    LIT_CHAR       deslocar, e ir ao estado 21
    LIT_STRING     deslocar, e ir ao estado 22
    TK_IDENTIFIER  deslocar, e ir ao estado 74
    '&'            deslocar, e ir ao estado 75
    '-'            deslocar, e ir ao estado 76
    '*'            deslocar, e ir ao estado 77
    '('            deslocar, e ir ao estado 78

    literal    ir ao estado 79
    expressao  ir ao estado 133


estado 112

   38 varassign: '*' TK_IDENTIFIER '=' . expressao

    LIT_INTEGER    deslocar, e ir ao estado 18
    LIT_FALSE      deslocar, e ir ao estado 19
    LIT_TRUE       deslocar, e ir ao estado 20
    LIT_CHAR       deslocar, e ir ao estado 21
    LIT_STRING     deslocar, e ir ao estado 22
    TK_IDENTIFIER  deslocar, e ir ao estado 74
    '&'            deslocar, e ir ao estado 75
    '-'            deslocar, e ir ao estado 76
    '*'            deslocar, e ir ao estado 77
    '('            deslocar, e ir ao estado 78

    literal    ir ao estado 79
    expressao  ir ao estado 134


estado 113

   74 condif: KW_IF '(' expressao ')' . KW_THEN comando
   75       | KW_IF '(' expressao ')' . KW_THEN comando KW_ELSE comando

    KW_THEN  deslocar, e ir ao estado 135


estado 114

   76 loop: KW_LOOP '(' expressao ')' . comando

    KW_IF          deslocar, e ir ao estado 52
    KW_LOOP        deslocar, e ir ao estado 53
    KW_INPUT       deslocar, e ir ao estado 54
    KW_RETURN      deslocar, e ir ao estado 55
    KW_OUTPUT      deslocar, e ir ao estado 56
    TK_IDENTIFIER  deslocar, e ir ao estado 57
    '&'            deslocar, e ir ao estado 58
    '*'            deslocar, e ir ao estado 59
    '{'            deslocar, e ir ao estado 43

    comando        ir ao estado 136
    blococomandos  ir ao estado 62
    controlefluxo  ir ao estado 63
    varassign      ir ao estado 64
    vetorassign    ir ao estado 65
    input          ir ao estado 66
    output         ir ao estado 67
    return         ir ao estado 68
    condif         ir ao estado 69
    loop           ir ao estado 70


estado 115

   56 expressao: TK_IDENTIFIER '[' expressao . ']'
   61          | expressao . '-' expressao
   63          | expressao . '+' expressao
   64          | expressao . '*' expressao
   65          | expressao . OPERATOR_LE expressao
   66          | expressao . OPERATOR_GE expressao
   67          | expressao . OPERATOR_EQ expressao
   68          | expressao . OPERATOR_NE expressao
   69          | expressao . OPERATOR_AND expressao
   70          | expressao . OPERATOR_OR expressao
   71          | expressao . '/' expressao
   72          | expressao . '<' expressao
   73          | expressao . '>' expressao

    OPERATOR_LE   deslocar, e ir ao estado 96
    OPERATOR_GE   deslocar, e ir ao estado 97
    OPERATOR_EQ   deslocar, e ir ao estado 98
    OPERATOR_NE   deslocar, e ir ao estado 99
    OPERATOR_AND  deslocar, e ir ao estado 100
    OPERATOR_OR   deslocar, e ir ao estado 101
    '<'           deslocar, e ir ao estado 102
    '>'           deslocar, e ir ao estado 103
    '+'           deslocar, e ir ao estado 104
    '-'           deslocar, e ir ao estado 105
    '*'           deslocar, e ir ao estado 106
    '/'           deslocar, e ir ao estado 107
    ']'           deslocar, e ir ao estado 137


estado 116

   53 argseq: argseq . ',' expressao
   57 expressao: TK_IDENTIFIER '(' argseq . ')'

    ','  deslocar, e ir ao estado 138
    ')'  deslocar, e ir ao estado 139


estado 117

   52 argseq: expressao .
   61 expressao: expressao . '-' expressao
   63          | expressao . '+' expressao
   64          | expressao . '*' expressao
   65          | expressao . OPERATOR_LE expressao
   66          | expressao . OPERATOR_GE expressao
   67          | expressao . OPERATOR_EQ expressao
   68          | expressao . OPERATOR_NE expressao
   69          | expressao . OPERATOR_AND expressao
   70          | expressao . OPERATOR_OR expressao
   71          | expressao . '/' expressao
   72          | expressao . '<' expressao
   73          | expressao . '>' expressao

    OPERATOR_LE   deslocar, e ir ao estado 96
    OPERATOR_GE   deslocar, e ir ao estado 97
    OPERATOR_EQ   deslocar, e ir ao estado 98
    OPERATOR_NE   deslocar, e ir ao estado 99
    OPERATOR_AND  deslocar, e ir ao estado 100
    OPERATOR_OR   deslocar, e ir ao estado 101
    '<'           deslocar, e ir ao estado 102
    '>'           deslocar, e ir ao estado 103
    '+'           deslocar, e ir ao estado 104
    '-'           deslocar, e ir ao estado 105
    '*'           deslocar, e ir ao estado 106
    '/'           deslocar, e ir ao estado 107

    $padrão  reduzir usando a regra 52 (argseq)


estado 118

   60 expressao: '(' expressao ')' .

    $padrão  reduzir usando a regra 60 (expressao)


estado 119

   61 expressao: expressao . '-' expressao
   63          | expressao . '+' expressao
   64          | expressao . '*' expressao
   65          | expressao . OPERATOR_LE expressao
   65          | expressao OPERATOR_LE expressao .
   66          | expressao . OPERATOR_GE expressao
   67          | expressao . OPERATOR_EQ expressao
   68          | expressao . OPERATOR_NE expressao
   69          | expressao . OPERATOR_AND expressao
   70          | expressao . OPERATOR_OR expressao
   71          | expressao . '/' expressao
   72          | expressao . '<' expressao
   73          | expressao . '>' expressao

    '+'  deslocar, e ir ao estado 104
    '-'  deslocar, e ir ao estado 105
    '*'  deslocar, e ir ao estado 106
    '/'  deslocar, e ir ao estado 107

    OPERATOR_LE  erro (não associativo)
    OPERATOR_GE  erro (não associativo)
    OPERATOR_EQ  erro (não associativo)
    OPERATOR_NE  erro (não associativo)
    '<'          erro (não associativo)
    '>'          erro (não associativo)

    $padrão  reduzir usando a regra 65 (expressao)


estado 120

   61 expressao: expressao . '-' expressao
   63          | expressao . '+' expressao
   64          | expressao . '*' expressao
   65          | expressao . OPERATOR_LE expressao
   66          | expressao . OPERATOR_GE expressao
   66          | expressao OPERATOR_GE expressao .
   67          | expressao . OPERATOR_EQ expressao
   68          | expressao . OPERATOR_NE expressao
   69          | expressao . OPERATOR_AND expressao
   70          | expressao . OPERATOR_OR expressao
   71          | expressao . '/' expressao
   72          | expressao . '<' expressao
   73          | expressao . '>' expressao

    '+'  deslocar, e ir ao estado 104
    '-'  deslocar, e ir ao estado 105
    '*'  deslocar, e ir ao estado 106
    '/'  deslocar, e ir ao estado 107

    OPERATOR_LE  erro (não associativo)
    OPERATOR_GE  erro (não associativo)
    OPERATOR_EQ  erro (não associativo)
    OPERATOR_NE  erro (não associativo)
    '<'          erro (não associativo)
    '>'          erro (não associativo)

    $padrão  reduzir usando a regra 66 (expressao)


estado 121

   61 expressao: expressao . '-' expressao
   63          | expressao . '+' expressao
   64          | expressao . '*' expressao
   65          | expressao . OPERATOR_LE expressao
   66          | expressao . OPERATOR_GE expressao
   67          | expressao . OPERATOR_EQ expressao
   67          | expressao OPERATOR_EQ expressao .
   68          | expressao . OPERATOR_NE expressao
   69          | expressao . OPERATOR_AND expressao
   70          | expressao . OPERATOR_OR expressao
   71          | expressao . '/' expressao
   72          | expressao . '<' expressao
   73          | expressao . '>' expressao

    '+'  deslocar, e ir ao estado 104
    '-'  deslocar, e ir ao estado 105
    '*'  deslocar, e ir ao estado 106
    '/'  deslocar, e ir ao estado 107

    OPERATOR_LE  erro (não associativo)
    OPERATOR_GE  erro (não associativo)
    OPERATOR_EQ  erro (não associativo)
    OPERATOR_NE  erro (não associativo)
    '<'          erro (não associativo)
    '>'          erro (não associativo)

    $padrão  reduzir usando a regra 67 (expressao)


estado 122

   61 expressao: expressao . '-' expressao
   63          | expressao . '+' expressao
   64          | expressao . '*' expressao
   65          | expressao . OPERATOR_LE expressao
   66          | expressao . OPERATOR_GE expressao
   67          | expressao . OPERATOR_EQ expressao
   68          | expressao . OPERATOR_NE expressao
   68          | expressao OPERATOR_NE expressao .
   69          | expressao . OPERATOR_AND expressao
   70          | expressao . OPERATOR_OR expressao
   71          | expressao . '/' expressao
   72          | expressao . '<' expressao
   73          | expressao . '>' expressao

    '+'  deslocar, e ir ao estado 104
    '-'  deslocar, e ir ao estado 105
    '*'  deslocar, e ir ao estado 106
    '/'  deslocar, e ir ao estado 107

    OPERATOR_LE  erro (não associativo)
    OPERATOR_GE  erro (não associativo)
    OPERATOR_EQ  erro (não associativo)
    OPERATOR_NE  erro (não associativo)
    '<'          erro (não associativo)
    '>'          erro (não associativo)

    $padrão  reduzir usando a regra 68 (expressao)


estado 123

   61 expressao: expressao . '-' expressao
   63          | expressao . '+' expressao
   64          | expressao . '*' expressao
   65          | expressao . OPERATOR_LE expressao
   66          | expressao . OPERATOR_GE expressao
   67          | expressao . OPERATOR_EQ expressao
   68          | expressao . OPERATOR_NE expressao
   69          | expressao . OPERATOR_AND expressao
   69          | expressao OPERATOR_AND expressao .
   70          | expressao . OPERATOR_OR expressao
   71          | expressao . '/' expressao
   72          | expressao . '<' expressao
   73          | expressao . '>' expressao

    OPERATOR_LE  deslocar, e ir ao estado 96
    OPERATOR_GE  deslocar, e ir ao estado 97
    OPERATOR_EQ  deslocar, e ir ao estado 98
    OPERATOR_NE  deslocar, e ir ao estado 99
    '<'          deslocar, e ir ao estado 102
    '>'          deslocar, e ir ao estado 103
    '+'          deslocar, e ir ao estado 104
    '-'          deslocar, e ir ao estado 105
    '*'          deslocar, e ir ao estado 106
    '/'          deslocar, e ir ao estado 107

    $padrão  reduzir usando a regra 69 (expressao)


estado 124

   61 expressao: expressao . '-' expressao
   63          | expressao . '+' expressao
   64          | expressao . '*' expressao
   65          | expressao . OPERATOR_LE expressao
   66          | expressao . OPERATOR_GE expressao
   67          | expressao . OPERATOR_EQ expressao
   68          | expressao . OPERATOR_NE expressao
   69          | expressao . OPERATOR_AND expressao
   70          | expressao . OPERATOR_OR expressao
   70          | expressao OPERATOR_OR expressao .
   71          | expressao . '/' expressao
   72          | expressao . '<' expressao
   73          | expressao . '>' expressao

    OPERATOR_LE  deslocar, e ir ao estado 96
    OPERATOR_GE  deslocar, e ir ao estado 97
    OPERATOR_EQ  deslocar, e ir ao estado 98
    OPERATOR_NE  deslocar, e ir ao estado 99
    '<'          deslocar, e ir ao estado 102
    '>'          deslocar, e ir ao estado 103
    '+'          deslocar, e ir ao estado 104
    '-'          deslocar, e ir ao estado 105
    '*'          deslocar, e ir ao estado 106
    '/'          deslocar, e ir ao estado 107

    $padrão  reduzir usando a regra 70 (expressao)


estado 125

   61 expressao: expressao . '-' expressao
   63          | expressao . '+' expressao
   64          | expressao . '*' expressao
   65          | expressao . OPERATOR_LE expressao
   66          | expressao . OPERATOR_GE expressao
   67          | expressao . OPERATOR_EQ expressao
   68          | expressao . OPERATOR_NE expressao
   69          | expressao . OPERATOR_AND expressao
   70          | expressao . OPERATOR_OR expressao
   71          | expressao . '/' expressao
   72          | expressao . '<' expressao
   72          | expressao '<' expressao .
   73          | expressao . '>' expressao

    '+'  deslocar, e ir ao estado 104
    '-'  deslocar, e ir ao estado 105
    '*'  deslocar, e ir ao estado 106
    '/'  deslocar, e ir ao estado 107

    OPERATOR_LE  erro (não associativo)
    OPERATOR_GE  erro (não associativo)
    OPERATOR_EQ  erro (não associativo)
    OPERATOR_NE  erro (não associativo)
    '<'          erro (não associativo)
    '>'          erro (não associativo)

    $padrão  reduzir usando a regra 72 (expressao)


estado 126

   61 expressao: expressao . '-' expressao
   63          | expressao . '+' expressao
   64          | expressao . '*' expressao
   65          | expressao . OPERATOR_LE expressao
   66          | expressao . OPERATOR_GE expressao
   67          | expressao . OPERATOR_EQ expressao
   68          | expressao . OPERATOR_NE expressao
   69          | expressao . OPERATOR_AND expressao
   70          | expressao . OPERATOR_OR expressao
   71          | expressao . '/' expressao
   72          | expressao . '<' expressao
   73          | expressao . '>' expressao
   73          | expressao '>' expressao .

    '+'  deslocar, e ir ao estado 104
    '-'  deslocar, e ir ao estado 105
    '*'  deslocar, e ir ao estado 106
    '/'  deslocar, e ir ao estado 107

    OPERATOR_LE  erro (não associativo)
    OPERATOR_GE  erro (não associativo)
    OPERATOR_EQ  erro (não associativo)
    OPERATOR_NE  erro (não associativo)
    '<'          erro (não associativo)
    '>'          erro (não associativo)

    $padrão  reduzir usando a regra 73 (expressao)


estado 127

   61 expressao: expressao . '-' expressao
   63          | expressao . '+' expressao
   63          | expressao '+' expressao .
   64          | expressao . '*' expressao
   65          | expressao . OPERATOR_LE expressao
   66          | expressao . OPERATOR_GE expressao
   67          | expressao . OPERATOR_EQ expressao
   68          | expressao . OPERATOR_NE expressao
   69          | expressao . OPERATOR_AND expressao
   70          | expressao . OPERATOR_OR expressao
   71          | expressao . '/' expressao
   72          | expressao . '<' expressao
   73          | expressao . '>' expressao

    '*'  deslocar, e ir ao estado 106
    '/'  deslocar, e ir ao estado 107

    $padrão  reduzir usando a regra 63 (expressao)


estado 128

   61 expressao: expressao . '-' expressao
   61          | expressao '-' expressao .
   63          | expressao . '+' expressao
   64          | expressao . '*' expressao
   65          | expressao . OPERATOR_LE expressao
   66          | expressao . OPERATOR_GE expressao
   67          | expressao . OPERATOR_EQ expressao
   68          | expressao . OPERATOR_NE expressao
   69          | expressao . OPERATOR_AND expressao
   70          | expressao . OPERATOR_OR expressao
   71          | expressao . '/' expressao
   72          | expressao . '<' expressao
   73          | expressao . '>' expressao

    '*'  deslocar, e ir ao estado 106
    '/'  deslocar, e ir ao estado 107

    $padrão  reduzir usando a regra 61 (expressao)


estado 129

   61 expressao: expressao . '-' expressao
   63          | expressao . '+' expressao
   64          | expressao . '*' expressao
   64          | expressao '*' expressao .
   65          | expressao . OPERATOR_LE expressao
   66          | expressao . OPERATOR_GE expressao
   67          | expressao . OPERATOR_EQ expressao
   68          | expressao . OPERATOR_NE expressao
   69          | expressao . OPERATOR_AND expressao
   70          | expressao . OPERATOR_OR expressao
   71          | expressao . '/' expressao
   72          | expressao . '<' expressao
   73          | expressao . '>' expressao

    $padrão  reduzir usando a regra 64 (expressao)


estado 130

   61 expressao: expressao . '-' expressao
   63          | expressao . '+' expressao
   64          | expressao . '*' expressao
   65          | expressao . OPERATOR_LE expressao
   66          | expressao . OPERATOR_GE expressao
   67          | expressao . OPERATOR_EQ expressao
   68          | expressao . OPERATOR_NE expressao
   69          | expressao . OPERATOR_AND expressao
   70          | expressao . OPERATOR_OR expressao
   71          | expressao . '/' expressao
   71          | expressao '/' expressao .
   72          | expressao . '<' expressao
   73          | expressao . '>' expressao

    $padrão  reduzir usando a regra 71 (expressao)


estado 131

   48 outputseq: outputseq ',' expressao .
   61 expressao: expressao . '-' expressao
   63          | expressao . '+' expressao
   64          | expressao . '*' expressao
   65          | expressao . OPERATOR_LE expressao
   66          | expressao . OPERATOR_GE expressao
   67          | expressao . OPERATOR_EQ expressao
   68          | expressao . OPERATOR_NE expressao
   69          | expressao . OPERATOR_AND expressao
   70          | expressao . OPERATOR_OR expressao
   71          | expressao . '/' expressao
   72          | expressao . '<' expressao
   73          | expressao . '>' expressao

    OPERATOR_LE   deslocar, e ir ao estado 96
    OPERATOR_GE   deslocar, e ir ao estado 97
    OPERATOR_EQ   deslocar, e ir ao estado 98
    OPERATOR_NE   deslocar, e ir ao estado 99
    OPERATOR_AND  deslocar, e ir ao estado 100
    OPERATOR_OR   deslocar, e ir ao estado 101
    '<'           deslocar, e ir ao estado 102
    '>'           deslocar, e ir ao estado 103
    '+'           deslocar, e ir ao estado 104
    '-'           deslocar, e ir ao estado 105
    '*'           deslocar, e ir ao estado 106
    '/'           deslocar, e ir ao estado 107

    $padrão  reduzir usando a regra 48 (outputseq)


estado 132

   39 vetorassign: TK_IDENTIFIER '[' expressao ']' . '=' expressao

    '='  deslocar, e ir ao estado 140


estado 133

   37 varassign: '&' TK_IDENTIFIER '=' expressao .
   61 expressao: expressao . '-' expressao
   63          | expressao . '+' expressao
   64          | expressao . '*' expressao
   65          | expressao . OPERATOR_LE expressao
   66          | expressao . OPERATOR_GE expressao
   67          | expressao . OPERATOR_EQ expressao
   68          | expressao . OPERATOR_NE expressao
   69          | expressao . OPERATOR_AND expressao
   70          | expressao . OPERATOR_OR expressao
   71          | expressao . '/' expressao
   72          | expressao . '<' expressao
   73          | expressao . '>' expressao

    OPERATOR_LE   deslocar, e ir ao estado 96
    OPERATOR_GE   deslocar, e ir ao estado 97
    OPERATOR_EQ   deslocar, e ir ao estado 98
    OPERATOR_NE   deslocar, e ir ao estado 99
    OPERATOR_AND  deslocar, e ir ao estado 100
    OPERATOR_OR   deslocar, e ir ao estado 101
    '<'           deslocar, e ir ao estado 102
    '>'           deslocar, e ir ao estado 103
    '+'           deslocar, e ir ao estado 104
    '-'           deslocar, e ir ao estado 105
    '*'           deslocar, e ir ao estado 106
    '/'           deslocar, e ir ao estado 107

    $padrão  reduzir usando a regra 37 (varassign)


estado 134

   38 varassign: '*' TK_IDENTIFIER '=' expressao .
   61 expressao: expressao . '-' expressao
   63          | expressao . '+' expressao
   64          | expressao . '*' expressao
   65          | expressao . OPERATOR_LE expressao
   66          | expressao . OPERATOR_GE expressao
   67          | expressao . OPERATOR_EQ expressao
   68          | expressao . OPERATOR_NE expressao
   69          | expressao . OPERATOR_AND expressao
   70          | expressao . OPERATOR_OR expressao
   71          | expressao . '/' expressao
   72          | expressao . '<' expressao
   73          | expressao . '>' expressao

    OPERATOR_LE   deslocar, e ir ao estado 96
    OPERATOR_GE   deslocar, e ir ao estado 97
    OPERATOR_EQ   deslocar, e ir ao estado 98
    OPERATOR_NE   deslocar, e ir ao estado 99
    OPERATOR_AND  deslocar, e ir ao estado 100
    OPERATOR_OR   deslocar, e ir ao estado 101
    '<'           deslocar, e ir ao estado 102
    '>'           deslocar, e ir ao estado 103
    '+'           deslocar, e ir ao estado 104
    '-'           deslocar, e ir ao estado 105
    '*'           deslocar, e ir ao estado 106
    '/'           deslocar, e ir ao estado 107

    $padrão  reduzir usando a regra 38 (varassign)


estado 135

   74 condif: KW_IF '(' expressao ')' KW_THEN . comando
   75       | KW_IF '(' expressao ')' KW_THEN . comando KW_ELSE comando

    KW_IF          deslocar, e ir ao estado 52
    KW_LOOP        deslocar, e ir ao estado 53
    KW_INPUT       deslocar, e ir ao estado 54
    KW_RETURN      deslocar, e ir ao estado 55
    KW_OUTPUT      deslocar, e ir ao estado 56
    TK_IDENTIFIER  deslocar, e ir ao estado 57
    '&'            deslocar, e ir ao estado 58
    '*'            deslocar, e ir ao estado 59
    '{'            deslocar, e ir ao estado 43

    comando        ir ao estado 141
    blococomandos  ir ao estado 62
    controlefluxo  ir ao estado 63
    varassign      ir ao estado 64
    vetorassign    ir ao estado 65
    input          ir ao estado 66
    output         ir ao estado 67
    return         ir ao estado 68
    condif         ir ao estado 69
    loop           ir ao estado 70


estado 136

   76 loop: KW_LOOP '(' expressao ')' comando .

    $padrão  reduzir usando a regra 76 (loop)


estado 137

   56 expressao: TK_IDENTIFIER '[' expressao ']' .

    $padrão  reduzir usando a regra 56 (expressao)


estado 138

   53 argseq: argseq ',' . expressao

    LIT_INTEGER    deslocar, e ir ao estado 18
    LIT_FALSE      deslocar, e ir ao estado 19
    LIT_TRUE       deslocar, e ir ao estado 20
    LIT_CHAR       deslocar, e ir ao estado 21
    LIT_STRING     deslocar, e ir ao estado 22
    TK_IDENTIFIER  deslocar, e ir ao estado 74
    '&'            deslocar, e ir ao estado 75
    '-'            deslocar, e ir ao estado 76
    '*'            deslocar, e ir ao estado 77
    '('            deslocar, e ir ao estado 78

    literal    ir ao estado 79
    expressao  ir ao estado 142


estado 139

   57 expressao: TK_IDENTIFIER '(' argseq ')' .

    $padrão  reduzir usando a regra 57 (expressao)


estado 140

   39 vetorassign: TK_IDENTIFIER '[' expressao ']' '=' . expressao

    LIT_INTEGER    deslocar, e ir ao estado 18
    LIT_FALSE      deslocar, e ir ao estado 19
    LIT_TRUE       deslocar, e ir ao estado 20
    LIT_CHAR       deslocar, e ir ao estado 21
    LIT_STRING     deslocar, e ir ao estado 22
    TK_IDENTIFIER  deslocar, e ir ao estado 74
    '&'            deslocar, e ir ao estado 75
    '-'            deslocar, e ir ao estado 76
    '*'            deslocar, e ir ao estado 77
    '('            deslocar, e ir ao estado 78

    literal    ir ao estado 79
    expressao  ir ao estado 143


estado 141

   74 condif: KW_IF '(' expressao ')' KW_THEN comando .
   75       | KW_IF '(' expressao ')' KW_THEN comando . KW_ELSE comando

    KW_ELSE  deslocar, e ir ao estado 144

    $padrão  reduzir usando a regra 74 (condif)


estado 142

   53 argseq: argseq ',' expressao .
   61 expressao: expressao . '-' expressao
   63          | expressao . '+' expressao
   64          | expressao . '*' expressao
   65          | expressao . OPERATOR_LE expressao
   66          | expressao . OPERATOR_GE expressao
   67          | expressao . OPERATOR_EQ expressao
   68          | expressao . OPERATOR_NE expressao
   69          | expressao . OPERATOR_AND expressao
   70          | expressao . OPERATOR_OR expressao
   71          | expressao . '/' expressao
   72          | expressao . '<' expressao
   73          | expressao . '>' expressao

    OPERATOR_LE   deslocar, e ir ao estado 96
    OPERATOR_GE   deslocar, e ir ao estado 97
    OPERATOR_EQ   deslocar, e ir ao estado 98
    OPERATOR_NE   deslocar, e ir ao estado 99
    OPERATOR_AND  deslocar, e ir ao estado 100
    OPERATOR_OR   deslocar, e ir ao estado 101
    '<'           deslocar, e ir ao estado 102
    '>'           deslocar, e ir ao estado 103
    '+'           deslocar, e ir ao estado 104
    '-'           deslocar, e ir ao estado 105
    '*'           deslocar, e ir ao estado 106
    '/'           deslocar, e ir ao estado 107

    $padrão  reduzir usando a regra 53 (argseq)


estado 143

   39 vetorassign: TK_IDENTIFIER '[' expressao ']' '=' expressao .
   61 expressao: expressao . '-' expressao
   63          | expressao . '+' expressao
   64          | expressao . '*' expressao
   65          | expressao . OPERATOR_LE expressao
   66          | expressao . OPERATOR_GE expressao
   67          | expressao . OPERATOR_EQ expressao
   68          | expressao . OPERATOR_NE expressao
   69          | expressao . OPERATOR_AND expressao
   70          | expressao . OPERATOR_OR expressao
   71          | expressao . '/' expressao
   72          | expressao . '<' expressao
   73          | expressao . '>' expressao

    OPERATOR_LE   deslocar, e ir ao estado 96
    OPERATOR_GE   deslocar, e ir ao estado 97
    OPERATOR_EQ   deslocar, e ir ao estado 98
    OPERATOR_NE   deslocar, e ir ao estado 99
    OPERATOR_AND  deslocar, e ir ao estado 100
    OPERATOR_OR   deslocar, e ir ao estado 101
    '<'           deslocar, e ir ao estado 102
    '>'           deslocar, e ir ao estado 103
    '+'           deslocar, e ir ao estado 104
    '-'           deslocar, e ir ao estado 105
    '*'           deslocar, e ir ao estado 106
    '/'           deslocar, e ir ao estado 107

    $padrão  reduzir usando a regra 39 (vetorassign)


estado 144

   75 condif: KW_IF '(' expressao ')' KW_THEN comando KW_ELSE . comando

    KW_IF          deslocar, e ir ao estado 52
    KW_LOOP        deslocar, e ir ao estado 53
    KW_INPUT       deslocar, e ir ao estado 54
    KW_RETURN      deslocar, e ir ao estado 55
    KW_OUTPUT      deslocar, e ir ao estado 56
    TK_IDENTIFIER  deslocar, e ir ao estado 57
    '&'            deslocar, e ir ao estado 58
    '*'            deslocar, e ir ao estado 59
    '{'            deslocar, e ir ao estado 43

    comando        ir ao estado 145
    blococomandos  ir ao estado 62
    controlefluxo  ir ao estado 63
    varassign      ir ao estado 64
    vetorassign    ir ao estado 65
    input          ir ao estado 66
    output         ir ao estado 67
    return         ir ao estado 68
    condif         ir ao estado 69
    loop           ir ao estado 70


estado 145

   75 condif: KW_IF '(' expressao ')' KW_THEN comando KW_ELSE comando .

    $padrão  reduzir usando a regra 75 (condif)
